<?xml version="1.0" encoding="UTF-8"?>
<testng-results ignored="0" total="4" passed="4" failed="0" skipped="0">
  <reporter-output>
  </reporter-output>
  <suite started-at="2021-02-08T01:39:16 IST" name="Default suite" finished-at="2021-02-08T01:39:29 IST" duration-ms="13790">
    <groups>
    </groups>
    <test started-at="2021-02-08T01:39:16 IST" name="Default test" finished-at="2021-02-08T01:39:29 IST" duration-ms="13790">
      <class name="Calculator.Assignment1">
        <test-method is-config="true" signature="setup()[pri:0, instance:Calculator.Assignment1@2118cddf]" started-at="2021-02-08T01:39:16 IST" name="setup" finished-at="2021-02-08T01:39:29 IST" duration-ms="13453" status="PASS">
          <reporter-output>
          </reporter-output>
        </test-method> <!-- setup -->
        <test-method signature="Multiplication()[pri:1, instance:Calculator.Assignment1@2118cddf]" started-at="2021-02-08T01:39:29 IST" name="Multiplication" finished-at="2021-02-08T01:39:29 IST" duration-ms="14" status="PASS">
          <reporter-output>
          </reporter-output>
        </test-method> <!-- Multiplication -->
        <test-method signature="division()[pri:2, instance:Calculator.Assignment1@2118cddf]" started-at="2021-02-08T01:39:29 IST" name="division" finished-at="2021-02-08T01:39:29 IST" duration-ms="5" status="PASS">
          <reporter-output>
          </reporter-output>
        </test-method> <!-- division -->
        <test-method signature="Addition()[pri:3, instance:Calculator.Assignment1@2118cddf]" started-at="2021-02-08T01:39:29 IST" name="Addition" finished-at="2021-02-08T01:39:29 IST" duration-ms="3" status="PASS">
          <reporter-output>
          </reporter-output>
        </test-method> <!-- Addition -->
        <test-method signature="Substraction()[pri:4, instance:Calculator.Assignment1@2118cddf]" started-at="2021-02-08T01:39:29 IST" name="Substraction" finished-at="2021-02-08T01:39:29 IST" duration-ms="4" status="PASS">
          <reporter-output>
          </reporter-output>
        </test-method> <!-- Substraction -->
      </class> <!-- Calculator.Assignment1 -->
    </test> <!-- Default test -->
  </suite> <!-- Default suite -->
</testng-results>
