<?xml version="1.0" encoding="UTF-8"?>
<!-- Generated by org.testng.reporters.JUnitXMLReporter -->
<testsuite ignored="0" hostname="Admin-PC" failures="0" tests="4" name="Default test" time="13.79" errors="0" timestamp="2021-02-08T01:39:29 IST">
  <testcase classname="Calculator.Assignment1" name="Multiplication" time="0.014"/>
  <testcase classname="Calculator.Assignment1" name="division" time="0.005"/>
  <testcase classname="Calculator.Assignment1" name="Addition" time="0.003"/>
  <testcase classname="Calculator.Assignment1" name="Substraction" time="0.004"/>
</testsuite> <!-- Default test -->
